#
# A fatal error has been detected by the Java Runtime Environment:
#
#  SIGSEGV (0xb) at pc=0x00007fff89a1d246, pid=7065, tid=37203
#
# JRE version: Java(TM) SE Runtime Environment (7.0_51-b13) (build 1.7.0_51-b13)
# Java VM: Java HotSpot(TM) 64-Bit Server VM (24.51-b03 mixed mode bsd-amd64 compressed oops)
# Problematic frame:
# C  [libdispatch.dylib+0x2246]  dispatch_retain+0x0
#
# Failed to write core dump. Core dumps have been disabled. To enable core dumping, try "ulimit -c unlimited" before starting Java again
#
# If you would like to submit a bug report, please visit:
#   http://bugreport.sun.com/bugreport/crash.jsp
#

---------------  T H R E A D  ---------------

Current thread is native thread

siginfo:si_signo=SIGSEGV: si_errno=0, si_code=1 (SEGV_MAPERR), si_addr=0xffffffff89abcdef

Registers:
RAX=0x000000009548ad70, RBX=0x00007f8f9548c1f0, RCX=0x00007fff77065838, RDX=0x00007f8f94a92c10
RSP=0x00007000016e1cd8, RBP=0x00007000016e1d20, RSI=0x00007fff88c409e2, RDI=0xffffffff89abcdef
R8 =0x0000000000000001, R9 =0x0000000000000000, R10=0x00000000ffffffff, R11=0x00007fff89e88f1f
R12=0x0000000000000060, R13=0x00007f8f9548c1f0, R14=0x00007f8f9548c250, R15=0x00007f8f9548c1e0
RIP=0x00007fff89a1d246, EFLAGS=0x0000000000010282, ERR=0x0000000000000004
  TRAPNO=0x000000000000000e

Top of Stack: (sp=0x00007000016e1cd8)
0x00007000016e1cd8:   00007fff970088a6 00007f8f94a92c10
0x00007000016e1ce8:   00007f8f95482290 00007f8f94a92c20
0x00007000016e1cf8:   00007f8f95489160 0000000109003140
0x00007000016e1d08:   0000000000000000 00007f8f95489178
0x00007000016e1d18:   00000001090035c0 00007000016e1d40
0x00007000016e1d28:   00007fff96ff4295 00007f8f95489160
0x00007000016e1d38:   00007f8f92d43690 00007000016e1d60
0x00007000016e1d48:   00007fff96ff42da 00007fff7902bbe0
0x00007000016e1d58:   00007f8f955704c0 00007000016e1d80
0x00007000016e1d68:   00007fff89a2893d 0000000109003580
0x00007000016e1d78:   0000000000000000 00007000016e1da0
0x00007000016e1d88:   00007fff89a1d40b 0000000109003580
0x00007000016e1d98:   0000000000000000 00007000016e1e20
0x00007000016e1da8:   00007fff89a2203b 00007f8f92d436d0
0x00007000016e1db8:   0000000108c2c000 00000000a40008ff
0x00007000016e1dc8:   00007fff77066180 00007f8f92d436d0
0x00007000016e1dd8:   00007fff89e84e60 0000000000010001
0x00007000016e1de8:   00007fff77066180 00007f8f92d436c4
0x00007000016e1df8:   0000000000000000 0000000000000000
0x00007000016e1e08:   00007f8f92d436c0 00007f8f92d43690
0x00007000016e1e18:   00007fff77066180 00007000016e1e80
0x00007000016e1e28:   00007fff89a28707 00007000016e1e80
0x00007000016e1e38:   00007fff89a2073f 0000000000009153
0x00007000016e1e48:   0000000000009153 0000000000009153
0x00007000016e1e58:   00007f8f92d43690 00007fff77066180
0x00007000016e1e68:   00007fff770661c0 00007fff770661b8
0x00007000016e1e78:   0000000000000000 00007000016e1ef0
0x00007000016e1e88:   00007fff89a20d53 0000000000000000
0x00007000016e1e98:   0000000000000000 0000000000000000
0x00007000016e1ea8:   0000000000000000 00007f8f98b77038
0x00007000016e1eb8:   0000000000000000 00000000000008ff
0x00007000016e1ec8:   0000000080000000 00007000016e2000 

Instructions: (pc=0x00007fff89a1d246)
0x00007fff89a1d226:   ed 48 89 50 28 eb 07 48 8d 05 1c 99 64 ed 4d 85
0x00007fff89a1d236:   f6 74 03 49 89 0e 5b 41 5e 5d c3 48 8b 47 30 c3
0x00007fff89a1d246:   48 8b 07 48 3b 05 c0 9d 63 ed 73 14 48 3b 05 af
0x00007fff89a1d256:   9d 63 ed 72 0b 48 83 e0 01 75 05 e9 20 ff ff ff 

Register to memory mapping:

RAX=0x000000009548ad70 is an unknown value
RBX=0x00007f8f9548c1f0 is an unknown value
RCX=0x00007fff77065838: OBJC_METACLASS_$_OS_dispatch_source+0 in /usr/lib/system/libdispatch.dylib at 0x00007fff89a1b000
RDX=0x00007f8f94a92c10 is an unknown value
RSP=0x00007000016e1cd8 is an unknown value
RBP=0x00007000016e1d20 is an unknown value
RSI=0x00007fff88c409e2: CreateStringFromFileSystemRepresentationByAddingPercentEscapes.hexchars+0x14452 in /System/Library/Frameworks/CoreFoundation.framework/Versions/A/CoreFoundation at 0x00007fff887e0000
RDI=0xffffffff89abcdef is an unknown value
R8 =0x0000000000000001 is an unknown value
R9 =0x0000000000000000 is an unknown value
R10=0x00000000ffffffff is an unknown value
R11=0x00007fff89e88f1f: +[NSObject release]+0 in /usr/lib/libobjc.A.dylib at 0x00007fff89e7c000
R12=0x0000000000000060 is an unknown value
R13=0x00007f8f9548c1f0 is an unknown value
R14=0x00007f8f9548c250 is an unknown value
R15=0x00007f8f9548c1e0 is an unknown value


Stack: [0x0000700001662000,0x00007000016e2000],  sp=0x00007000016e1cd8,  free space=511k
Native frames: (J=compiled Java code, j=interpreted, Vv=VM code, C=native code)
C  [libdispatch.dylib+0x2246]  dispatch_retain+0x0
C  [CoreAudio+0x32295]  HALC_ProxyObject::~HALC_ProxyObject()+0x4b
C  [CoreAudio+0x322da]  HALC_ProxyObject::~HALC_ProxyObject()+0xe
C  [libdispatch.dylib+0xd93d]  _dispatch_call_block_and_release+0xc
C  [libdispatch.dylib+0x240b]  _dispatch_client_callout+0x8
C  [libdispatch.dylib+0x703b]  _dispatch_queue_drain+0x2f2
C  [libdispatch.dylib+0xd707]  _dispatch_queue_invoke+0x225
C  [libdispatch.dylib+0x5d53]  _dispatch_root_queue_drain+0x21a
C  [libdispatch.dylib+0x5b00]  _dispatch_worker_thread3+0x5b
C  [libsystem_pthread.dylib+0x34de]  _pthread_wqthread+0x469
C  [libsystem_pthread.dylib+0x1341]  start_wqthread+0xd


---------------  P R O C E S S  ---------------

VM state:not at safepoint (normal execution)

VM Mutex/Monitor currently owned by a thread: None

Heap
 PSYoungGen      total 46080K, used 18385K [0x00000007d5500000, 0x00000007e4800000, 0x0000000800000000)
  eden space 45568K, 40% used [0x00000007d5500000,0x00000007d66ec478,0x00000007d8180000)
  from space 512K, 6% used [0x00000007e4780000,0x00000007e4788000,0x00000007e4800000)
  to   space 512K, 0% used [0x00000007e4700000,0x00000007e4700000,0x00000007e4780000)
 ParOldGen       total 87040K, used 40825K [0x0000000780000000, 0x0000000785500000, 0x00000007d5500000)
  object space 87040K, 46% used [0x0000000780000000,0x00000007827de5e0,0x0000000785500000)
 PSPermGen       total 21504K, used 19746K [0x000000077ae00000, 0x000000077c300000, 0x0000000780000000)
  object space 21504K, 91% used [0x000000077ae00000,0x000000077c148808,0x000000077c300000)

Card table byte_map: [0x000000010d253000,0x000000010d67d000] byte_map_base: 0x000000010967c000

Polling page: 0x0000000108ece000

Code Cache  [0x000000010a253000, 0x000000010a6a3000, 0x000000010d253000)
 total_blobs=1845 nmethods=1221 adapters=578 free_code_cache=44866Kb largest_free_block=45846016

Compilation events (10 events):
Event: 226.639 Thread 0x00007f8f94027800 1275             com.bulletphysics.util.ObjectArrayList::capacity (6 bytes)
Event: 226.640 Thread 0x00007f8f94027800 nmethod 1275 0x000000010a316050 code [0x000000010a316180, 0x000000010a3161f8]
Event: 230.374 Thread 0x00007f8f93815000 1276   !         com.bulletphysics.collision.shapes.TriangleMeshShape::getAabb (242 bytes)
Event: 230.449 Thread 0x00007f8f93815000 nmethod 1276 0x000000010a695d50 code [0x000000010a696120, 0x000000010a6980e8]
Event: 235.220 Thread 0x00007f8f94027800 1277             com.bulletphysics.collision.broadphase.HashedOverlappingPairCache::internalFindPair (112 bytes)
Event: 235.226 Thread 0x00007f8f94027800 nmethod 1277 0x000000010a315690 code [0x000000010a315820, 0x000000010a315b78]
Event: 235.805 Thread 0x00007f8f93815000 1278             com.bulletphysics.collision.broadphase.HashedOverlappingPairCache::getHash (54 bytes)
Event: 235.805 Thread 0x00007f8f93815000 nmethod 1278 0x000000010a315450 code [0x000000010a315580, 0x000000010a315618]
Event: 236.061 Thread 0x00007f8f94027800 1279             com.bulletphysics.collision.broadphase.HashedOverlappingPairCache::internalAddPair (221 bytes)
Event: 236.081 Thread 0x00007f8f94027800 nmethod 1279 0x000000010a5aac50 code [0x000000010a5aae80, 0x000000010a5ab8b0]

GC Heap History (10 events):
Event: 239.104 GC heap before
{Heap before GC invocations=306 (full 0):
 PSYoungGen      total 33280K, used 32864K [0x00000007d5500000, 0x00000007e4800000, 0x0000000800000000)
  eden space 32768K, 100% used [0x00000007d5500000,0x00000007d7500000,0x00000007d7500000)
  from space 512K, 18% used [0x00000007e4700000,0x00000007e4718000,0x00000007e4780000)
  to   space 512K, 0% used [0x00000007e4780000,0x00000007e4780000,0x00000007e4800000)
 ParOldGen       total 87040K, used 40817K [0x0000000780000000, 0x0000000785500000, 0x00000007d5500000)
  object space 87040K, 46% used [0x0000000780000000,0x00000007827dc5e0,0x0000000785500000)
 PSPermGen       total 21504K, used 19746K [0x000000077ae00000, 0x000000077c300000, 0x0000000780000000)
  object space 21504K, 91% used [0x000000077ae00000,0x000000077c148808,0x000000077c300000)
Event: 239.108 GC heap after
Heap after GC invocations=306 (full 0):
 PSYoungGen      total 32768K, used 64K [0x00000007d5500000, 0x00000007e4800000, 0x0000000800000000)
  eden space 32256K, 0% used [0x00000007d5500000,0x00000007d5500000,0x00000007d7480000)
  from space 512K, 12% used [0x00000007e4780000,0x00000007e4790000,0x00000007e4800000)
  to   space 512K, 0% used [0x00000007e4700000,0x00000007e4700000,0x00000007e4780000)
 ParOldGen       total 87040K, used 40817K [0x0000000780000000, 0x0000000785500000, 0x00000007d5500000)
  object space 87040K, 46% used [0x0000000780000000,0x00000007827dc5e0,0x0000000785500000)
 PSPermGen       total 21504K, used 19746K [0x000000077ae00000, 0x000000077c300000, 0x0000000780000000)
  object space 21504K, 91% used [0x000000077ae00000,0x000000077c148808,0x000000077c300000)
}
Event: 239.468 GC heap before
{Heap before GC invocations=307 (full 0):
 PSYoungGen      total 32768K, used 32320K [0x00000007d5500000, 0x00000007e4800000, 0x0000000800000000)
  eden space 32256K, 100% used [0x00000007d5500000,0x00000007d7480000,0x00000007d7480000)
  from space 512K, 12% used [0x00000007e4780000,0x00000007e4790000,0x00000007e4800000)
  to   space 512K, 0% used [0x00000007e4700000,0x00000007e4700000,0x00000007e4780000)
 ParOldGen       total 87040K, used 40817K [0x0000000780000000, 0x0000000785500000, 0x00000007d5500000)
  object space 87040K, 46% used [0x0000000780000000,0x00000007827dc5e0,0x0000000785500000)
 PSPermGen       total 21504K, used 19746K [0x000000077ae00000, 0x000000077c300000, 0x0000000780000000)
  object space 21504K, 91% used [0x000000077ae00000,0x000000077c148808,0x000000077c300000)
Event: 239.471 GC heap after
Heap after GC invocations=307 (full 0):
 PSYoungGen      total 32256K, used 96K [0x00000007d5500000, 0x00000007e4800000, 0x0000000800000000)
  eden space 31744K, 0% used [0x00000007d5500000,0x00000007d5500000,0x00000007d7400000)
  from space 512K, 18% used [0x00000007e4700000,0x00000007e4718000,0x00000007e4780000)
  to   space 512K, 0% used [0x00000007e4780000,0x00000007e4780000,0x00000007e4800000)
 ParOldGen       total 87040K, used 40817K [0x0000000780000000, 0x0000000785500000, 0x00000007d5500000)
  object space 87040K, 46% used [0x0000000780000000,0x00000007827dc5e0,0x0000000785500000)
 PSPermGen       total 21504K, used 19746K [0x000000077ae00000, 0x000000077c300000, 0x0000000780000000)
  object space 21504K, 91% used [0x000000077ae00000,0x000000077c148808,0x000000077c300000)
}
Event: 239.773 GC heap before
{Heap before GC invocations=308 (full 0):
 PSYoungGen      total 32256K, used 31840K [0x00000007d5500000, 0x00000007e4800000, 0x0000000800000000)
  eden space 31744K, 100% used [0x00000007d5500000,0x00000007d7400000,0x00000007d7400000)
  from space 512K, 18% used [0x00000007e4700000,0x00000007e4718000,0x00000007e4780000)
  to   space 512K, 0% used [0x00000007e4780000,0x00000007e4780000,0x00000007e4800000)
 ParOldGen       total 87040K, used 40817K [0x0000000780000000, 0x0000000785500000, 0x00000007d5500000)
  object space 87040K, 46% used [0x0000000780000000,0x00000007827dc5e0,0x0000000785500000)
 PSPermGen       total 21504K, used 19746K [0x000000077ae00000, 0x000000077c300000, 0x0000000780000000)
  object space 21504K, 91% used [0x000000077ae00000,0x000000077c148808,0x000000077c300000)
Event: 239.778 GC heap after
Heap after GC invocations=308 (full 0):
 PSYoungGen      total 38912K, used 64K [0x00000007d5500000, 0x00000007e4800000, 0x0000000800000000)
  eden space 38400K, 0% used [0x00000007d5500000,0x00000007d5500000,0x00000007d7a80000)
  from space 512K, 12% used [0x00000007e4780000,0x00000007e4790000,0x00000007e4800000)
  to   space 512K, 0% used [0x00000007e4700000,0x00000007e4700000,0x00000007e4780000)
 ParOldGen       total 87040K, used 40817K [0x0000000780000000, 0x0000000785500000, 0x00000007d5500000)
  object space 87040K, 46% used [0x0000000780000000,0x00000007827dc5e0,0x0000000785500000)
 PSPermGen       total 21504K, used 19746K [0x000000077ae00000, 0x000000077c300000, 0x0000000780000000)
  object space 21504K, 91% used [0x000000077ae00000,0x000000077c148808,0x000000077c300000)
}
Event: 240.190 GC heap before
{Heap before GC invocations=309 (full 0):
 PSYoungGen      total 38912K, used 38464K [0x00000007d5500000, 0x00000007e4800000, 0x0000000800000000)
  eden space 38400K, 100% used [0x00000007d5500000,0x00000007d7a80000,0x00000007d7a80000)
  from space 512K, 12% used [0x00000007e4780000,0x00000007e4790000,0x00000007e4800000)
  to   space 512K, 0% used [0x00000007e4700000,0x00000007e4700000,0x00000007e4780000)
 ParOldGen       total 87040K, used 40817K [0x0000000780000000, 0x0000000785500000, 0x00000007d5500000)
  object space 87040K, 46% used [0x0000000780000000,0x00000007827dc5e0,0x0000000785500000)
 PSPermGen       total 21504K, used 19746K [0x000000077ae00000, 0x000000077c300000, 0x0000000780000000)
  object space 21504K, 91% used [0x000000077ae00000,0x000000077c148808,0x000000077c300000)
Event: 240.192 GC heap after
Heap after GC invocations=309 (full 0):
 PSYoungGen      total 38400K, used 64K [0x00000007d5500000, 0x00000007e4800000, 0x0000000800000000)
  eden space 37888K, 0% used [0x00000007d5500000,0x00000007d5500000,0x00000007d7a00000)
  from space 512K, 12% used [0x00000007e4700000,0x00000007e4710000,0x00000007e4780000)
  to   space 512K, 0% used [0x00000007e4780000,0x00000007e4780000,0x00000007e4800000)
 ParOldGen       total 87040K, used 40817K [0x0000000780000000, 0x0000000785500000, 0x00000007d5500000)
  object space 87040K, 46% used [0x0000000780000000,0x00000007827dc5e0,0x0000000785500000)
 PSPermGen       total 21504K, used 19746K [0x000000077ae00000, 0x000000077c300000, 0x0000000780000000)
  object space 21504K, 91% used [0x000000077ae00000,0x000000077c148808,0x000000077c300000)
}
Event: 240.567 GC heap before
{Heap before GC invocations=310 (full 0):
 PSYoungGen      total 38400K, used 37952K [0x00000007d5500000, 0x00000007e4800000, 0x0000000800000000)
  eden space 37888K, 100% used [0x00000007d5500000,0x00000007d7a00000,0x00000007d7a00000)
  from space 512K, 12% used [0x00000007e4700000,0x00000007e4710000,0x00000007e4780000)
  to   space 512K, 0% used [0x00000007e4780000,0x00000007e4780000,0x00000007e4800000)
 ParOldGen       total 87040K, used 40817K [0x0000000780000000, 0x0000000785500000, 0x00000007d5500000)
  object space 87040K, 46% used [0x0000000780000000,0x00000007827dc5e0,0x0000000785500000)
 PSPermGen       total 21504K, used 19746K [0x000000077ae00000, 0x000000077c300000, 0x0000000780000000)
  object space 21504K, 91% used [0x000000077ae00000,0x000000077c148808,0x000000077c300000)
Event: 240.574 GC heap after
Heap after GC invocations=310 (full 0):
 PSYoungGen      total 46080K, used 32K [0x00000007d5500000, 0x00000007e4800000, 0x0000000800000000)
  eden space 45568K, 0% used [0x00000007d5500000,0x00000007d5500000,0x00000007d8180000)
  from space 512K, 6% used [0x00000007e4780000,0x00000007e4788000,0x00000007e4800000)
  to   space 512K, 0% used [0x00000007e4700000,0x00000007e4700000,0x00000007e4780000)
 ParOldGen       total 87040K, used 40825K [0x0000000780000000, 0x0000000785500000, 0x00000007d5500000)
  object space 87040K, 46% used [0x0000000780000000,0x00000007827de5e0,0x0000000785500000)
 PSPermGen       total 21504K, used 19746K [0x000000077ae00000, 0x000000077c300000, 0x0000000780000000)
  object space 21504K, 91% used [0x000000077ae00000,0x000000077c148808,0x000000077c300000)
}

Deoptimization events (10 events):
Event: 146.055 Thread 0x00007f8f930e2800 Uncommon trap: reason=bimorphic action=maybe_recompile pc=0x000000010a6630dc method=com.bulletphysics.collision.dispatch.DefaultNearCallback.handleCollision(Lcom/bulletphysics/collision/broadphase/BroadphasePair;Lcom/bulletphysics/collision/dispatch/Colli
Event: 146.055 Thread 0x00007f8f930e2800 Uncommon trap: reason=bimorphic action=maybe_recompile pc=0x000000010a4ec1b4 method=com.bulletphysics.dynamics.character.KinematicCharacterController.recoverFromPenetration(Lcom/bulletphysics/collision/dispatch/CollisionWorld;)Z @ 157
Event: 146.056 Thread 0x00007f8f930e2800 Uncommon trap: reason=bimorphic action=maybe_recompile pc=0x000000010a5b9adc method=com.bulletphysics.collision.dispatch.GhostObject.convexSweepTest(Lcom/bulletphysics/collision/shapes/ConvexShape;Lcom/bulletphysics/linearmath/Transform;Lcom/bulletphysics
Event: 146.060 Thread 0x00007f8f930e2800 Uncommon trap: reason=bimorphic action=maybe_recompile pc=0x000000010a4ec1b4 method=com.bulletphysics.dynamics.character.KinematicCharacterController.recoverFromPenetration(Lcom/bulletphysics/collision/dispatch/CollisionWorld;)Z @ 157
Event: 146.084 Thread 0x00007f8f930e2800 Uncommon trap: reason=bimorphic action=maybe_recompile pc=0x000000010a67672c method=com.bulletphysics.collision.dispatch.DefaultNearCallback.handleCollision(Lcom/bulletphysics/collision/broadphase/BroadphasePair;Lcom/bulletphysics/collision/dispatch/Colli
Event: 146.085 Thread 0x00007f8f930e2800 Uncommon trap: reason=bimorphic action=maybe_recompile pc=0x000000010a4ec1b4 method=com.bulletphysics.dynamics.character.KinematicCharacterController.recoverFromPenetration(Lcom/bulletphysics/collision/dispatch/CollisionWorld;)Z @ 157
Event: 146.347 Thread 0x00007f8f930e2800 Uncommon trap: reason=unreached action=reinterpret pc=0x000000010a4835b8 method=java.util.concurrent.ConcurrentLinkedQueue.poll()Ljava/lang/Object; @ 41
Event: 146.348 Thread 0x00007f8f930e2800 Uncommon trap: reason=null_check action=make_not_entrant pc=0x000000010a480dec method=com.jme3.bullet.collision.PhysicsCollisionEventFactory.getEvent(ILcom/jme3/bullet/collision/PhysicsCollisionObject;Lcom/jme3/bullet/collision/PhysicsCollisionObject;Lcom
Event: 146.366 Thread 0x00007f8f930e2800 Uncommon trap: reason=unreached action=reinterpret pc=0x000000010a4f8278 method=java.util.concurrent.ConcurrentLinkedQueue.offer(Ljava/lang/Object;)Z @ 62
Event: 146.653 Thread 0x00007f8f930e2800 Uncommon trap: reason=unreached action=reinterpret pc=0x000000010a5adab0 method=java.util.concurrent.ConcurrentLinkedQueue.poll()Ljava/lang/Object; @ 41

Internal exceptions (10 events):
Event: 20.441 Thread 0x00007f8f930e2800 Threw 0x00000007d5e82b40 at /HUDSON/workspace/7u-2-build-macosx-x86_64/jdk7u51/527/hotspot/src/share/vm/prims/jvm.cpp:1244
Event: 20.447 Thread 0x00007f8f930e2800 Threw 0x00000007d5e88730 at /HUDSON/workspace/7u-2-build-macosx-x86_64/jdk7u51/527/hotspot/src/share/vm/prims/jvm.cpp:1244
Event: 21.360 Thread 0x00007f8f930e2800 Threw 0x00000007d6e7fae0 at /HUDSON/workspace/7u-2-build-macosx-x86_64/jdk7u51/527/hotspot/src/share/vm/prims/jvm.cpp:1244
Event: 27.075 Thread 0x00007f8f930e2800 Threw 0x00000007ddaa66a0 at /HUDSON/workspace/7u-2-build-macosx-x86_64/jdk7u51/527/hotspot/src/share/vm/prims/jvm.cpp:1244
Event: 27.076 Thread 0x00007f8f930e2800 Threw 0x00000007ddaaa488 at /HUDSON/workspace/7u-2-build-macosx-x86_64/jdk7u51/527/hotspot/src/share/vm/prims/jvm.cpp:1244
Event: 90.938 Thread 0x00007f8f930e2800 Threw 0x00000007ddc9e798 at /HUDSON/workspace/7u-2-build-macosx-x86_64/jdk7u51/527/hotspot/src/share/vm/prims/jvm.cpp:1244
Event: 92.148 Thread 0x00007f8f930e2800 Implicit null exception at 0x000000010a355840 to 0x000000010a35666d
Event: 92.148 Thread 0x00007f8f930e2800 Implicit null exception at 0x000000010a315656 to 0x000000010a315c61
Event: 93.828 Thread 0x00007f8f930e2800 Implicit null exception at 0x000000010a3e1e8f to 0x000000010a3e20e5
Event: 93.829 Thread 0x00007f8f930e2800 Implicit null exception at 0x000000010a5aae30 to 0x000000010a5ab489

Events (10 events):
Event: 239.108 Executing VM operation: ParallelGCFailedAllocation done
Event: 239.468 Executing VM operation: ParallelGCFailedAllocation
Event: 239.471 Executing VM operation: ParallelGCFailedAllocation done
Event: 239.773 Executing VM operation: ParallelGCFailedAllocation
Event: 239.778 Executing VM operation: ParallelGCFailedAllocation done
Event: 240.190 Executing VM operation: ParallelGCFailedAllocation
Event: 240.192 Executing VM operation: ParallelGCFailedAllocation done
Event: 240.567 Executing VM operation: ParallelGCFailedAllocation
Event: 240.574 Executing VM operation: ParallelGCFailedAllocation done
Event: 240.765 Thread 0x00007f8f932a3800 Thread added: 0x00007f8f932a3800


Dynamic libraries:
0x0000000006910000 	/System/Library/Frameworks/Cocoa.framework/Versions/A/Cocoa
0x0000000006910000 	/System/Library/Frameworks/Security.framework/Versions/A/Security
0x0000000006910000 	/System/Library/Frameworks/ApplicationServices.framework/Versions/A/ApplicationServices
0x0000000006910000 	/usr/lib/libz.1.dylib
0x0000000006910000 	/usr/lib/libSystem.B.dylib
0x0000000006910000 	/usr/lib/libobjc.A.dylib
0x0000000006910000 	/System/Library/Frameworks/CoreFoundation.framework/Versions/A/CoreFoundation
0x0000000006910000 	/System/Library/Frameworks/Foundation.framework/Versions/C/Foundation
0x0000000006910000 	/System/Library/Frameworks/AppKit.framework/Versions/C/AppKit
0x0000000006910000 	/System/Library/Frameworks/CoreData.framework/Versions/A/CoreData
0x0000000006910000 	/System/Library/PrivateFrameworks/RemoteViewServices.framework/Versions/A/RemoteViewServices
0x0000000006910000 	/System/Library/PrivateFrameworks/UIFoundation.framework/Versions/A/UIFoundation
0x0000000006910000 	/usr/lib/libScreenReader.dylib
0x0000000006910000 	/System/Library/Frameworks/Accelerate.framework/Versions/A/Accelerate
0x0000000006910000 	/System/Library/Frameworks/IOSurface.framework/Versions/A/IOSurface
0x0000000006910000 	/System/Library/Frameworks/AudioToolbox.framework/Versions/A/AudioToolbox
0x0000000006910000 	/System/Library/Frameworks/AudioUnit.framework/Versions/A/AudioUnit
0x0000000006910000 	/System/Library/PrivateFrameworks/DataDetectorsCore.framework/Versions/A/DataDetectorsCore
0x0000000006910000 	/System/Library/PrivateFrameworks/DesktopServicesPriv.framework/Versions/A/DesktopServicesPriv
0x0000000006910000 	/System/Library/Frameworks/Carbon.framework/Versions/A/Frameworks/HIToolbox.framework/Versions/A/HIToolbox
0x0000000006910000 	/System/Library/Frameworks/QuartzCore.framework/Versions/A/QuartzCore
0x0000000006910000 	/System/Library/Frameworks/Carbon.framework/Versions/A/Frameworks/SpeechRecognition.framework/Versions/A/SpeechRecognition
0x0000000006910000 	/usr/lib/libauto.dylib
0x0000000006910000 	/usr/lib/libicucore.A.dylib
0x0000000006910000 	/usr/lib/libxml2.2.dylib
0x0000000006910000 	/System/Library/PrivateFrameworks/CoreUI.framework/Versions/A/CoreUI
0x0000000006910000 	/System/Library/Frameworks/CoreAudio.framework/Versions/A/CoreAudio
0x0000000006910000 	/System/Library/Frameworks/DiskArbitration.framework/Versions/A/DiskArbitration
0x0000000006910000 	/usr/lib/liblangid.dylib
0x0000000006910000 	/System/Library/PrivateFrameworks/MultitouchSupport.framework/Versions/A/MultitouchSupport
0x0000000006910000 	/System/Library/Frameworks/IOKit.framework/Versions/A/IOKit
0x0000000006910000 	/usr/lib/libDiagnosticMessagesClient.dylib
0x0000000006910000 	/System/Library/Frameworks/CoreServices.framework/Versions/A/CoreServices
0x0000000006910000 	/System/Library/PrivateFrameworks/PerformanceAnalysis.framework/Versions/A/PerformanceAnalysis
0x0000000006910000 	/System/Library/PrivateFrameworks/GenerationalStorage.framework/Versions/A/GenerationalStorage
0x0000000006910000 	/System/Library/Frameworks/OpenGL.framework/Versions/A/OpenGL
0x0000000006910000 	/System/Library/PrivateFrameworks/Sharing.framework/Versions/A/Sharing
0x0000000006910000 	/System/Library/Frameworks/CoreGraphics.framework/Versions/A/CoreGraphics
0x0000000006910000 	/System/Library/Frameworks/CoreImage.framework/Versions/A/CoreImage
0x0000000006910000 	/System/Library/Frameworks/CoreText.framework/Versions/A/CoreText
0x0000000006910000 	/System/Library/Frameworks/ImageIO.framework/Versions/A/ImageIO
0x0000000006910000 	/System/Library/PrivateFrameworks/Backup.framework/Versions/A/Backup
0x0000000006910000 	/usr/lib/libextension.dylib
0x0000000006910000 	/usr/lib/libarchive.2.dylib
0x0000000006910000 	/System/Library/Frameworks/CFNetwork.framework/Versions/A/CFNetwork
0x0000000006910000 	/System/Library/Frameworks/SystemConfiguration.framework/Versions/A/SystemConfiguration
0x0000000006910000 	/usr/lib/libCRFSuite.dylib
0x0000000006910000 	/usr/lib/libc++.1.dylib
0x0000000006910000 	/usr/lib/libc++abi.dylib
0x0000000006910000 	/usr/lib/system/libcache.dylib
0x0000000006910000 	/usr/lib/system/libcommonCrypto.dylib
0x0000000006910000 	/usr/lib/system/libcompiler_rt.dylib
0x0000000006910000 	/usr/lib/system/libcopyfile.dylib
0x0000000006910000 	/usr/lib/system/libcorecrypto.dylib
0x0000000006910000 	/usr/lib/system/libdispatch.dylib
0x0000000006910000 	/usr/lib/system/libdyld.dylib
0x0000000006910000 	/usr/lib/system/libkeymgr.dylib
0x0000000006910000 	/usr/lib/system/liblaunch.dylib
0x0000000006910000 	/usr/lib/system/libmacho.dylib
0x0000000006910000 	/usr/lib/system/libquarantine.dylib
0x0000000006910000 	/usr/lib/system/libremovefile.dylib
0x0000000006910000 	/usr/lib/system/libsystem_asl.dylib
0x0000000006910000 	/usr/lib/system/libsystem_blocks.dylib
0x0000000006910000 	/usr/lib/system/libsystem_c.dylib
0x0000000006910000 	/usr/lib/system/libsystem_configuration.dylib
0x0000000006910000 	/usr/lib/system/libsystem_coreservices.dylib
0x0000000006910000 	/usr/lib/system/libsystem_coretls.dylib
0x0000000006910000 	/usr/lib/system/libsystem_dnssd.dylib
0x0000000006910000 	/usr/lib/system/libsystem_info.dylib
0x0000000006910000 	/usr/lib/system/libsystem_kernel.dylib
0x0000000006910000 	/usr/lib/system/libsystem_m.dylib
0x0000000006910000 	/usr/lib/system/libsystem_malloc.dylib
0x0000000006910000 	/usr/lib/system/libsystem_network.dylib
0x0000000006910000 	/usr/lib/system/libsystem_networkextension.dylib
0x0000000006910000 	/usr/lib/system/libsystem_notify.dylib
0x0000000006910000 	/usr/lib/system/libsystem_platform.dylib
0x0000000006910000 	/usr/lib/system/libsystem_pthread.dylib
0x0000000006910000 	/usr/lib/system/libsystem_sandbox.dylib
0x0000000006910000 	/usr/lib/system/libsystem_secinit.dylib
0x0000000006910000 	/usr/lib/system/libsystem_trace.dylib
0x0000000006910000 	/usr/lib/system/libunc.dylib
0x0000000006910000 	/usr/lib/system/libunwind.dylib
0x0000000006910000 	/usr/lib/system/libxpc.dylib
0x0000000006910000 	/usr/lib/libenergytrace.dylib
0x0000000006910000 	/usr/lib/libbsm.0.dylib
0x0000000006910000 	/usr/lib/system/libkxld.dylib
0x0000000006910000 	/usr/lib/libxar.1.dylib
0x0000000006910000 	/usr/lib/libsqlite3.dylib
0x0000000006910000 	/usr/lib/libpam.2.dylib
0x0000000006910000 	/usr/lib/libOpenScriptingUtil.dylib
0x0000000006910000 	/usr/lib/libbz2.1.0.dylib
0x0000000006910000 	/usr/lib/liblzma.5.dylib
0x0000000006910000 	/System/Library/Frameworks/CoreServices.framework/Versions/A/Frameworks/FSEvents.framework/Versions/A/FSEvents
0x0000000006910000 	/System/Library/Frameworks/CoreServices.framework/Versions/A/Frameworks/CarbonCore.framework/Versions/A/CarbonCore
0x0000000006910000 	/System/Library/Frameworks/CoreServices.framework/Versions/A/Frameworks/Metadata.framework/Versions/A/Metadata
0x0000000006910000 	/System/Library/Frameworks/CoreServices.framework/Versions/A/Frameworks/OSServices.framework/Versions/A/OSServices
0x0000000006910000 	/System/Library/Frameworks/CoreServices.framework/Versions/A/Frameworks/SearchKit.framework/Versions/A/SearchKit
0x0000000006910000 	/System/Library/Frameworks/CoreServices.framework/Versions/A/Frameworks/AE.framework/Versions/A/AE
0x0000000006910000 	/System/Library/Frameworks/CoreServices.framework/Versions/A/Frameworks/LaunchServices.framework/Versions/A/LaunchServices
0x0000000006910000 	/System/Library/Frameworks/CoreServices.framework/Versions/A/Frameworks/DictionaryServices.framework/Versions/A/DictionaryServices
0x0000000006910000 	/System/Library/Frameworks/CoreServices.framework/Versions/A/Frameworks/SharedFileList.framework/Versions/A/SharedFileList
0x0000000006910000 	/System/Library/Frameworks/NetFS.framework/Versions/A/NetFS
0x0000000006910000 	/System/Library/PrivateFrameworks/NetAuth.framework/Versions/A/NetAuth
0x0000000006910000 	/System/Library/PrivateFrameworks/login.framework/Versions/A/Frameworks/loginsupport.framework/Versions/A/loginsupport
0x0000000006910000 	/System/Library/PrivateFrameworks/TCC.framework/Versions/A/TCC
0x0000000006910000 	/usr/lib/libmecabra.dylib
0x0000000006910000 	/System/Library/Frameworks/ApplicationServices.framework/Versions/A/Frameworks/ATS.framework/Versions/A/ATS
0x0000000006910000 	/System/Library/Frameworks/ApplicationServices.framework/Versions/A/Frameworks/ColorSync.framework/Versions/A/ColorSync
0x0000000006910000 	/System/Library/Frameworks/ApplicationServices.framework/Versions/A/Frameworks/HIServices.framework/Versions/A/HIServices
0x0000000006910000 	/System/Library/Frameworks/ApplicationServices.framework/Versions/A/Frameworks/LangAnalysis.framework/Versions/A/LangAnalysis
0x0000000006910000 	/System/Library/Frameworks/ApplicationServices.framework/Versions/A/Frameworks/PrintCore.framework/Versions/A/PrintCore
0x0000000006910000 	/System/Library/Frameworks/ApplicationServices.framework/Versions/A/Frameworks/QD.framework/Versions/A/QD
0x0000000006910000 	/System/Library/Frameworks/ApplicationServices.framework/Versions/A/Frameworks/SpeechSynthesis.framework/Versions/A/SpeechSynthesis
0x0000000006910000 	/System/Library/Frameworks/Metal.framework/Versions/A/Metal
0x0000000006910000 	/System/Library/Frameworks/Accelerate.framework/Versions/A/Frameworks/vImage.framework/Versions/A/vImage
0x0000000006910000 	/System/Library/Frameworks/Accelerate.framework/Versions/A/Frameworks/vecLib.framework/Versions/A/vecLib
0x0000000006910000 	/System/Library/Frameworks/Accelerate.framework/Versions/A/Frameworks/vecLib.framework/Versions/A/libvDSP.dylib
0x0000000006910000 	/System/Library/Frameworks/Accelerate.framework/Versions/A/Frameworks/vecLib.framework/Versions/A/libvMisc.dylib
0x0000000006910000 	/System/Library/Frameworks/Accelerate.framework/Versions/A/Frameworks/vecLib.framework/Versions/A/libLAPACK.dylib
0x0000000006910000 	/System/Library/Frameworks/Accelerate.framework/Versions/A/Frameworks/vecLib.framework/Versions/A/libBLAS.dylib
0x0000000006910000 	/System/Library/Frameworks/Accelerate.framework/Versions/A/Frameworks/vecLib.framework/Versions/A/libLinearAlgebra.dylib
0x0000000006910000 	/System/Library/Frameworks/Accelerate.framework/Versions/A/Frameworks/vecLib.framework/Versions/A/libSparseBLAS.dylib
0x0000000006910000 	/System/Library/PrivateFrameworks/GPUCompiler.framework/libmetal_timestamp.dylib
0x0000000006910000 	/System/Library/Frameworks/OpenGL.framework/Versions/A/Libraries/libCoreFSCache.dylib
0x0000000006910000 	/System/Library/PrivateFrameworks/IOAccelerator.framework/Versions/A/IOAccelerator
0x0000000006910000 	/System/Library/Frameworks/ApplicationServices.framework/Versions/A/Frameworks/ATS.framework/Versions/A/Resources/libFontParser.dylib
0x0000000006910000 	/System/Library/Frameworks/ApplicationServices.framework/Versions/A/Frameworks/ATS.framework/Versions/A/Resources/libFontRegistry.dylib
0x0000000006910000 	/System/Library/PrivateFrameworks/AppleVPA.framework/Versions/A/AppleVPA
0x0000000006910000 	/System/Library/PrivateFrameworks/AppleJPEG.framework/Versions/A/AppleJPEG
0x0000000006910000 	/System/Library/Frameworks/ImageIO.framework/Versions/A/Resources/libJPEG.dylib
0x0000000006910000 	/System/Library/Frameworks/ImageIO.framework/Versions/A/Resources/libTIFF.dylib
0x0000000006910000 	/System/Library/Frameworks/ImageIO.framework/Versions/A/Resources/libPng.dylib
0x0000000006910000 	/System/Library/Frameworks/ImageIO.framework/Versions/A/Resources/libGIF.dylib
0x0000000006910000 	/System/Library/Frameworks/ImageIO.framework/Versions/A/Resources/libJP2.dylib
0x0000000006910000 	/System/Library/Frameworks/ImageIO.framework/Versions/A/Resources/libRadiance.dylib
0x0000000006910000 	/System/Library/Frameworks/CoreVideo.framework/Versions/A/CoreVideo
0x0000000006910000 	/System/Library/Frameworks/OpenGL.framework/Versions/A/Libraries/libGLU.dylib
0x0000000006910000 	/System/Library/Frameworks/OpenGL.framework/Versions/A/Libraries/libGFXShared.dylib
0x0000000006910000 	/System/Library/Frameworks/OpenGL.framework/Versions/A/Libraries/libGL.dylib
0x0000000006910000 	/System/Library/Frameworks/OpenGL.framework/Versions/A/Libraries/libGLImage.dylib
0x0000000006910000 	/System/Library/Frameworks/OpenGL.framework/Versions/A/Libraries/libCVMSPluginSupport.dylib
0x0000000006910000 	/System/Library/Frameworks/OpenGL.framework/Versions/A/Libraries/libCoreVMClient.dylib
0x0000000006910000 	/usr/lib/libcups.2.dylib
0x0000000006910000 	/System/Library/Frameworks/Kerberos.framework/Versions/A/Kerberos
0x0000000006910000 	/System/Library/Frameworks/GSS.framework/Versions/A/GSS
0x0000000006910000 	/usr/lib/libresolv.9.dylib
0x0000000006910000 	/usr/lib/libiconv.2.dylib
0x0000000006910000 	/System/Library/PrivateFrameworks/Heimdal.framework/Versions/A/Heimdal
0x0000000006910000 	/usr/lib/libheimdal-asn1.dylib
0x0000000006910000 	/System/Library/Frameworks/OpenDirectory.framework/Versions/A/OpenDirectory
0x0000000006910000 	/System/Library/PrivateFrameworks/CommonAuth.framework/Versions/A/CommonAuth
0x0000000006910000 	/System/Library/Frameworks/OpenDirectory.framework/Versions/A/Frameworks/CFOpenDirectory.framework/Versions/A/CFOpenDirectory
0x0000000006910000 	/System/Library/Frameworks/SecurityFoundation.framework/Versions/A/SecurityFoundation
0x0000000006910000 	/System/Library/PrivateFrameworks/LanguageModeling.framework/Versions/A/LanguageModeling
0x0000000006910000 	/usr/lib/libmarisa.dylib
0x0000000006910000 	/usr/lib/libChineseTokenizer.dylib
0x0000000006910000 	/usr/lib/libcmph.dylib
0x0000000006910000 	/usr/lib/libcompression.dylib
0x0000000006910000 	/System/Library/Frameworks/ServiceManagement.framework/Versions/A/ServiceManagement
0x0000000006910000 	/usr/lib/libxslt.1.dylib
0x0000000006910000 	/System/Library/Frameworks/Carbon.framework/Versions/A/Frameworks/Ink.framework/Versions/A/Ink
0x0000000006910000 	/usr/lib/libFosl_dynamic.dylib
0x0000000006910000 	/System/Library/PrivateFrameworks/FaceCore.framework/Versions/A/FaceCore
0x0000000006910000 	/System/Library/Frameworks/OpenCL.framework/Versions/A/OpenCL
0x0000000006910000 	/System/Library/PrivateFrameworks/CrashReporterSupport.framework/Versions/A/CrashReporterSupport
0x0000000006910000 	/System/Library/PrivateFrameworks/IconServices.framework/Versions/A/IconServices
0x0000000006910000 	/System/Library/PrivateFrameworks/Apple80211.framework/Versions/A/Apple80211
0x0000000006910000 	/System/Library/Frameworks/CoreWLAN.framework/Versions/A/CoreWLAN
0x0000000006910000 	/System/Library/Frameworks/IOBluetooth.framework/Versions/A/IOBluetooth
0x0000000006910000 	/System/Library/PrivateFrameworks/CoreWiFi.framework/Versions/A/CoreWiFi
0x0000000006910000 	/System/Library/Frameworks/CoreBluetooth.framework/Versions/A/CoreBluetooth
0x0000000006910000 	/System/Library/PrivateFrameworks/ChunkingLibrary.framework/Versions/A/ChunkingLibrary
0x0000000006910000 	/System/Library/PrivateFrameworks/DebugSymbols.framework/Versions/A/DebugSymbols
0x0000000006910000 	/System/Library/PrivateFrameworks/CoreSymbolication.framework/Versions/A/CoreSymbolication
0x0000000006910000 	/System/Library/PrivateFrameworks/Symbolication.framework/Versions/A/Symbolication
0x0000000006910000 	/System/Library/PrivateFrameworks/SpeechRecognitionCore.framework/Versions/A/SpeechRecognitionCore
0x0000000109800000 	/Users/Julian/Downloads/jMonkeyPlatform.app/Contents/Resources/jmonkeyplatform/jdk/jre/lib/server/libjvm.dylib
0x0000000006910000 	/usr/lib/libstdc++.6.dylib
0x0000000108e91000 	/Users/Julian/Downloads/jMonkeyPlatform.app/Contents/Resources/jmonkeyplatform/jdk/jre/lib/libverify.dylib
0x0000000108e9e000 	/Users/Julian/Downloads/jMonkeyPlatform.app/Contents/Resources/jmonkeyplatform/jdk/jre/lib/libjava.dylib
0x0000000108ed8000 	/Users/Julian/Downloads/jMonkeyPlatform.app/Contents/Resources/jmonkeyplatform/jdk/jre/lib/libzip.dylib
0x0000000113297000 	/System/Library/Frameworks/JavaVM.framework/Frameworks/JavaRuntimeSupport.framework/JavaRuntimeSupport
0x00000001132b2000 	/System/Library/Frameworks/JavaVM.framework/Versions/A/Frameworks/JavaNativeFoundation.framework/Versions/A/JavaNativeFoundation
0x00000001132c7000 	/System/Library/Frameworks/JavaVM.framework/Versions/A/JavaVM
0x0000000006910000 	/System/Library/Frameworks/Carbon.framework/Versions/A/Carbon
0x00000001132d4000 	/System/Library/PrivateFrameworks/JavaLaunching.framework/Versions/A/JavaLaunching
0x0000000006910000 	/System/Library/Frameworks/Carbon.framework/Versions/A/Frameworks/CommonPanels.framework/Versions/A/CommonPanels
0x0000000006910000 	/System/Library/Frameworks/Carbon.framework/Versions/A/Frameworks/Help.framework/Versions/A/Help
0x0000000006910000 	/System/Library/Frameworks/Carbon.framework/Versions/A/Frameworks/ImageCapture.framework/Versions/A/ImageCapture
0x0000000006910000 	/System/Library/Frameworks/Carbon.framework/Versions/A/Frameworks/OpenScripting.framework/Versions/A/OpenScripting
0x0000000006910000 	/System/Library/Frameworks/Carbon.framework/Versions/A/Frameworks/Print.framework/Versions/A/Print
0x0000000006910000 	/System/Library/Frameworks/Carbon.framework/Versions/A/Frameworks/SecurityHI.framework/Versions/A/SecurityHI
0x0000000114c97000 	/Users/Julian/Downloads/jMonkeyPlatform.app/Contents/Resources/jmonkeyplatform/jdk/jre/lib/libawt.dylib
0x0000000114d46000 	/Users/Julian/Downloads/jMonkeyPlatform.app/Contents/Resources/jmonkeyplatform/jdk/jre/lib/./libmlib_image.dylib
0x0000000114e12000 	/Users/Julian/Downloads/jMonkeyPlatform.app/Contents/Resources/jmonkeyplatform/jdk/jre/lib/lwawt/liblwawt.dylib
0x0000000114ec6000 	/Users/Julian/Downloads/jMonkeyPlatform.app/Contents/Resources/jmonkeyplatform/jdk/jre/lib/libosxapp.dylib
0x0000000006910000 	/System/Library/Frameworks/ExceptionHandling.framework/Versions/A/ExceptionHandling
0x0000000006910000 	/System/Library/PrivateFrameworks/CoreServicesInternal.framework/Versions/A/CoreServicesInternal
0x0000000006910000 	/System/Library/Frameworks/CoreGraphics.framework/Versions/A/Resources/libRIP.A.dylib
0x0000000006910000 	/System/Library/Frameworks/Accelerate.framework/Versions/A/Frameworks/vImage.framework/Versions/A/Libraries/libCGInterfaces.dylib
0x0000000006910000 	/System/Library/Frameworks/CoreGraphics.framework/Versions/A/Resources/libCGXType.A.dylib
0x0000000006910000 	/System/Library/Frameworks/OpenCL.framework/Versions/A/Libraries/libcldcpuengine.dylib
0x0000000006910000 	/System/Library/PrivateFrameworks/DiskImages.framework/Versions/A/DiskImages
0x0000000006910000 	/System/Library/Frameworks/DiscRecording.framework/Versions/A/DiscRecording
0x0000000006910000 	/usr/lib/libcsfde.dylib
0x0000000006910000 	/usr/lib/libcurl.4.dylib
0x0000000006910000 	/System/Library/PrivateFrameworks/MediaKit.framework/Versions/A/MediaKit
0x0000000006910000 	/System/Library/PrivateFrameworks/ProtectedCloudStorage.framework/Versions/A/ProtectedCloudStorage
0x0000000006910000 	/usr/lib/libCoreStorage.dylib
0x0000000006910000 	/System/Library/PrivateFrameworks/EFILogin.framework/Versions/A/EFILogin
0x0000000006910000 	/usr/lib/libutil.dylib
0x0000000006910000 	/System/Library/PrivateFrameworks/FindMyDevice.framework/Versions/A/FindMyDevice
0x0000000006910000 	/System/Library/Frameworks/LDAP.framework/Versions/A/LDAP
0x0000000006910000 	/usr/lib/libsasl2.2.dylib
0x0000000006910000 	/System/Library/PrivateFrameworks/CoreDaemon.framework/Versions/B/CoreDaemon
0x0000000006910000 	/usr/lib/libcrypto.0.9.8.dylib
0x0000000006910000 	/System/Library/PrivateFrameworks/AppleSRP.framework/Versions/A/AppleSRP
0x0000000006910000 	/System/Library/PrivateFrameworks/TrustEvaluationAgent.framework/Versions/A/TrustEvaluationAgent
0x0000000116b96000 	cl_kernels
0x0000000006910000 	/System/Library/Frameworks/OpenCL.framework/Versions/A/Libraries/ImageFormats/unorm8_bgra.dylib
0x0000000006910000 	/System/Library/Frameworks/OpenCL.framework/Versions/A/Libraries/ImageFormats/unorm8_rgba.dylib
0x0000000006910000 	/System/Library/PrivateFrameworks/FamilyControls.framework/Versions/A/FamilyControls
0x0000000006910000 	/System/Library/PrivateFrameworks/CommerceKit.framework/Versions/A/Frameworks/CommerceCore.framework/Versions/A/CommerceCore
0x0000000006910000 	/System/Library/PrivateFrameworks/SystemAdministration.framework/Versions/A/SystemAdministration
0x0000000006910000 	/System/Library/PrivateFrameworks/AppContainer.framework/Versions/A/AppContainer
0x0000000006910000 	/System/Library/PrivateFrameworks/SecCodeWrapper.framework/Versions/A/SecCodeWrapper
0x0000000006910000 	/System/Library/Frameworks/DirectoryService.framework/Versions/A/DirectoryService
0x0000000006910000 	/System/Library/PrivateFrameworks/LoginUIKit.framework/Versions/A/Frameworks/LoginUICore.framework/Versions/A/LoginUICore
0x0000000006910000 	/usr/lib/libodfde.dylib
0x0000000117cb6000 	/Users/Julian/Downloads/jMonkeyPlatform.app/Contents/Resources/jmonkeyplatform/jdk/jre/lib/libfontmanager.dylib
0x0000000006910000 	/System/Library/Frameworks/OpenGL.framework/Versions/A/Resources/GLEngine.bundle/GLEngine
0x0000000006910000 	/System/Library/Frameworks/OpenGL.framework/Versions/A/Libraries/libGLProgrammability.dylib
0x0000000117d1d000 	/System/Library/Extensions/AppleIntelHD4000GraphicsGLDriver.bundle/Contents/MacOS/AppleIntelHD4000GraphicsGLDriver
0x0000000006910000 	/System/Library/PrivateFrameworks/GPUSupport.framework/Versions/A/Libraries/libGPUSupportMercury.dylib
0x0000000006910000 	/System/Library/Frameworks/OpenGL.framework/Versions/A/Resources/GLRendererFloat.bundle/GLRendererFloat
0x0000000118c81000 	/Users/Julian/Downloads/jMonkeyPlatform.app/Contents/Resources/jmonkeyplatform/jdk/jre/lib/libosxui.dylib
0x00000001196cc000 	/Users/Julian/Downloads/jMonkeyPlatform.app/Contents/Resources/jmonkeyplatform/jdk/jre/lib/libosx.dylib
0x000000011ae10000 	/Users/Julian/Downloads/jMonkeyPlatform.app/Contents/Resources/jmonkeyplatform/jdk/jre/lib/libnet.dylib
0x000000011ae25000 	/Users/Julian/Downloads/jMonkeyPlatform.app/Contents/Resources/jmonkeyplatform/jdk/jre/lib/libnio.dylib
0x000000011cb56000 	/System/Library/Extensions/AppleIntelHD4000GraphicsMTLDriver.bundle/Contents/MacOS/AppleIntelHD4000GraphicsMTLDriver
0x000000011bc19000 	/Users/Julian/git/3DGame/liblwjgl.dylib
0x000000011986e000 	/Users/Julian/Downloads/jMonkeyPlatform.app/Contents/Resources/jmonkeyplatform/jdk/jre/lib/libjawt.dylib
0x000000011c520000 	/Users/Julian/git/3DGame/openal.dylib
0x000000011c57c000 	/System/Library/Components/CoreAudio.component/Contents/MacOS/CoreAudio
0x000000011aa6d000 	/System/Library/Extensions/AppleHDA.kext/Contents/PlugIns/AppleHDAHALPlugIn.bundle/Contents/MacOS/AppleHDAHALPlugIn
0x000000011cb18000 	/Users/Julian/Downloads/jMonkeyPlatform.app/Contents/Resources/jmonkeyplatform/jdk/jre/lib/libjpeg.dylib
0x0000000123d2f000 	/Users/Julian/Downloads/jMonkeyPlatform.app/Contents/Resources/jmonkeyplatform/jdk/jre/lib/libkcms.dylib

VM Arguments:
jvm_args: -Dfile.encoding=UTF-8 
java_command: mygame.Main
Launcher Type: SUN_STANDARD

Environment Variables:
PATH=/usr/bin:/bin:/usr/sbin:/sbin
LD_LIBRARY_PATH=/Users/Julian/Downloads/jMonkeyPlatform.app/Contents/MacOS/../Resources/jmonkeyplatform/bin/../jdk/jre/lib/amd64:/Users/Julian/Downloads/jMonkeyPlatform.app/Contents/MacOS/../Resources/jmonkeyplatform/bin/../jdk/jre/lib/i386:
SHELL=/bin/bash

Signal Handlers:
SIGSEGV: [libjvm.dylib+0x525425], sa_mask[0]=0xfffefeff, sa_flags=0x00000043
SIGBUS: [libjvm.dylib+0x525425], sa_mask[0]=0xfffefeff, sa_flags=0x00000042
SIGFPE: [libjvm.dylib+0x41892a], sa_mask[0]=0xfffefeff, sa_flags=0x00000042
SIGPIPE: [libjvm.dylib+0x41892a], sa_mask[0]=0xfffefeff, sa_flags=0x00000042
SIGXFSZ: [libjvm.dylib+0x41892a], sa_mask[0]=0xfffefeff, sa_flags=0x00000042
SIGILL: [libjvm.dylib+0x41892a], sa_mask[0]=0xfffefeff, sa_flags=0x00000042
SIGUSR1: SIG_DFL, sa_mask[0]=0x00000000, sa_flags=0x00000000
SIGUSR2: [libjvm.dylib+0x41841c], sa_mask[0]=0x00000004, sa_flags=0x00000042
SIGHUP: [libjvm.dylib+0x4166ab], sa_mask[0]=0xfffefeff, sa_flags=0x00000042
SIGINT: SIG_IGN, sa_mask[0]=0x00000000, sa_flags=0x00000000
SIGTERM: [libjvm.dylib+0x4166ab], sa_mask[0]=0xfffefeff, sa_flags=0x00000042
SIGQUIT: [libjvm.dylib+0x4166ab], sa_mask[0]=0xfffefeff, sa_flags=0x00000042


---------------  S Y S T E M  ---------------

OS:Bsduname:Darwin 15.4.0 Darwin Kernel Version 15.4.0: Fri Feb 26 22:08:05 PST 2016; root:xnu-3248.40.184~3/RELEASE_X86_64 x86_64
rlimit: STACK 8192k, CORE 0k, NPROC 709, NOFILE 10240, AS infinity
load average:2.77 2.82 2.76

CPU:total 4 (2 cores per cpu, 2 threads per core) family 6 model 58 stepping 9, cmov, cx8, fxsr, mmx, sse, sse2, sse3, ssse3, sse4.1, sse4.2, popcnt, avx, aes, erms, ht, tsc, tscinvbit, tscinv

Memory: 4k page, physical 8388608k(2097152k free)

/proc/meminfo:


vm_info: Java HotSpot(TM) 64-Bit Server VM (24.51-b03) for bsd-amd64 JRE (1.7.0_51-b13), built on Dec 18 2013 18:45:56 by "java_re" with gcc 4.2.1 (Based on Apple Inc. build 5658) (LLVM build 2336.11.00)

time: Sun Dec  4 20:18:32 2016
elapsed time: 240 seconds

